<?xml version="1.0" encoding="UTF-8"?>
<testng-results ignored="0" total="1" passed="1" failed="0" skipped="0">
  <reporter-output>
  </reporter-output>
  <suite started-at="2022-06-27T05:03:57Z" name="Default suite" finished-at="2022-06-27T05:03:59Z" duration-ms="2444">
    <groups>
    </groups>
    <test started-at="2022-06-27T05:03:57Z" name="Default test" finished-at="2022-06-27T05:03:59Z" duration-ms="2444">
      <class name="basic.GetAllStudents">
        <test-method signature="getAllStudents()[pri:0, instance:basic.GetAllStudents@768fc0f2]" started-at="2022-06-27T05:03:57Z" name="getAllStudents" finished-at="2022-06-27T05:03:59Z" duration-ms="2424" status="PASS">
          <reporter-output>
          </reporter-output>
        </test-method> <!-- getAllStudents -->
      </class> <!-- basic.GetAllStudents -->
    </test> <!-- Default test -->
  </suite> <!-- Default suite -->
</testng-results>
