<?xml version="1.0" encoding="UTF-8"?>
<testng-results ignored="0" total="1" passed="1" failed="0" skipped="0">
  <reporter-output>
  </reporter-output>
  <suite started-at="2022-06-09T06:43:14Z" name="Default suite" finished-at="2022-06-09T06:43:17Z" duration-ms="3114">
    <groups>
    </groups>
    <test started-at="2022-06-09T06:43:14Z" name="Default test" finished-at="2022-06-09T06:43:17Z" duration-ms="3114">
      <class name="extractingDatafromjson.ExtractVaiRestAssured">
        <test-method signature="GetStudent()[pri:0, instance:extractingDatafromjson.ExtractVaiRestAssured@768fc0f2]" started-at="2022-06-09T06:43:14Z" name="GetStudent" finished-at="2022-06-09T06:43:17Z" duration-ms="3093" status="PASS">
          <reporter-output>
          </reporter-output>
        </test-method> <!-- GetStudent -->
      </class> <!-- extractingDatafromjson.ExtractVaiRestAssured -->
    </test> <!-- Default test -->
  </suite> <!-- Default suite -->
</testng-results>
